0 info it worked if it ends with ok
1 verbose cli [ '/usr/bin/node', '/usr/bin/npm', 'run-script', 'client' ]
2 info using npm@3.5.2
3 info using node@v8.10.0
4 verbose run-script [ 'preclient', 'client', 'postclient' ]
5 info lifecycle reactexpress@1.0.0~preclient: reactexpress@1.0.0
6 silly lifecycle reactexpress@1.0.0~preclient: no script for preclient, continuing
7 info lifecycle reactexpress@1.0.0~client: reactexpress@1.0.0
8 verbose lifecycle reactexpress@1.0.0~client: unsafe-perm in lifecycle true
9 verbose lifecycle reactexpress@1.0.0~client: PATH: /usr/share/npm/bin/node-gyp-bin:/mnt/c/Users/sanusk/Documents/GitHub/sdd/node_modules/.bin:/home/sandays/.local/bin:/usr/local/sbin:/usr/local/bin:/usr/sbin:/usr/bin:/sbin:/bin:/usr/games:/usr/local/games:/mnt/c/Program Files/Haskell Platform/8.4.3/lib/extralibs/bin:/mnt/c/Program Files/Haskell Platform/8.4.3/bin:/mnt/c/Program Files (x86)/Intel/iCLS Client:/mnt/c/ProgramData/Oracle/Java/javapath_target_714942031:/mnt/c/Program Files/Intel/iCLS Client:/mnt/c/Windows/System32:/mnt/c/Windows:/mnt/c/Windows/System32/wbem:/mnt/c/Windows/System32/WindowsPowerShell/v1.0:/mnt/c/Program Files (x86)/Intel/Intel(R) Management Engine Components/DAL:/mnt/c/Program Files/Intel/Intel(R) Management Engine Components/DAL:/mnt/c/Program Files (x86)/Intel/Intel(R) Management Engine Components/IPT:/mnt/c/Program Files/Intel/Intel(R) Management Engine Components/IPT:/mnt/c/Windows/System32/OpenSSH:/mnt/c/Program Files/Git/cmd:/mnt/c/Program Files/Intel/WiFi/bin:/mnt/c/Program Files/Common Files/Intel/WirelessCommon:/mnt/c/Program Files/Haskell Platform/8.4.3/mingw/bin:/mnt/c/Program Files/nodejs:/mnt/c/Users/sanusk/AppData/Roaming/local/bin:/mnt/c/Users/sanusk/Miniconda3:/mnt/c/Users/sanusk/Miniconda3/Scripts:/mnt/c/Users/sanusk/Miniconda3/Library/bin:/mnt/c/Users/sanusk/AppData/Local/Microsoft/WindowsApps:/mnt/c/Program Files (x86)/Dr. Memory/bin:/mnt/c/MinGW/bin:/mnt/c/Program Files/Intel/WiFi/bin:/mnt/c/Program Files/Common Files/Intel/WirelessCommon:/mnt/c/Users/sanusk/AppData/Local/GitHubDesktop/bin:/mnt/c/Users/sanusk/AppData/Roaming/npm:/mnt/c/Users/sanusk/AppData/Local/Programs/Microsoft VS Code/bin:/snap/bin
10 verbose lifecycle reactexpress@1.0.0~client: CWD: /mnt/c/Users/sanusk/Documents/GitHub/sdd
11 silly lifecycle reactexpress@1.0.0~client: Args: [ '-c', 'npm start --prefix client' ]
12 silly lifecycle reactexpress@1.0.0~client: Returned: code: 1  signal: null
13 info lifecycle reactexpress@1.0.0~client: Failed to exec client script
14 verbose stack Error: reactexpress@1.0.0 client: `npm start --prefix client`
14 verbose stack Exit status 1
14 verbose stack     at EventEmitter.<anonymous> (/usr/share/npm/lib/utils/lifecycle.js:232:16)
14 verbose stack     at emitTwo (events.js:126:13)
14 verbose stack     at EventEmitter.emit (events.js:214:7)
14 verbose stack     at ChildProcess.<anonymous> (/usr/share/npm/lib/utils/spawn.js:24:14)
14 verbose stack     at emitTwo (events.js:126:13)
14 verbose stack     at ChildProcess.emit (events.js:214:7)
14 verbose stack     at maybeClose (internal/child_process.js:925:16)
14 verbose stack     at Process.ChildProcess._handle.onexit (internal/child_process.js:209:5)
15 verbose pkgid reactexpress@1.0.0
16 verbose cwd /mnt/c/Users/sanusk/Documents/GitHub/sdd
17 error Linux 4.4.0-17134-Microsoft
18 error argv "/usr/bin/node" "/usr/bin/npm" "run-script" "client"
19 error node v8.10.0
20 error npm  v3.5.2
21 error code ELIFECYCLE
22 error reactexpress@1.0.0 client: `npm start --prefix client`
22 error Exit status 1
23 error Failed at the reactexpress@1.0.0 client script 'npm start --prefix client'.
23 error Make sure you have the latest version of node.js and npm installed.
23 error If you do, this is most likely a problem with the reactexpress package,
23 error not with npm itself.
23 error Tell the author that this fails on your system:
23 error     npm start --prefix client
23 error You can get information on how to open an issue for this project with:
23 error     npm bugs reactexpress
23 error Or if that isn't available, you can get their info via:
23 error     npm owner ls reactexpress
23 error There is likely additional logging output above.
24 verbose exit [ 1, true ]
